<?xml version="1.0" encoding="UTF-8"?>
<!-- Generated by org.testng.reporters.JUnitXMLReporter -->
<testsuite ignored="0" hostname="SIVAHP" failures="0" tests="2" name="BankingApp Test" time="265.261" errors="0" timestamp="02 May 2020 06:42:51 GMT">
  <testcase classname="com.inetbanking.testCases.TC_LoginTest_001" name="loginTest" time="113.118"/>
  <testcase classname="com.inetbanking.testCases.TC_AddCustomerTest_003" name="addNewCustomer" time="70.802"/>
</testsuite> <!-- BankingApp Test -->
